11/9/2021 4:25:53 PM	This log contains information about the import schema operation into project 'AnnotationDatabase' on computer 'OPR-MARC-JANUC' by user 'u0490822'.
11/9/2021 4:25:53 PM	Import of database schema has started.
11/9/2021 4:26:07 PM	Gathering database credentials
11/9/2021 4:26:07 PM	Gathering database options
11/9/2021 4:26:07 PM	Gathering generic database scoped configuration option
11/9/2021 4:26:07 PM	Gathering users
11/9/2021 4:26:07 PM	Gathering roles
11/9/2021 4:26:07 PM	Gathering application roles
11/9/2021 4:26:07 PM	Gathering role memberships
11/9/2021 4:26:07 PM	Gathering filegroups
11/9/2021 4:26:07 PM	Gathering full-text catalogs
11/9/2021 4:26:07 PM	Gathering assemblies
11/9/2021 4:26:07 PM	Gathering certificates
11/9/2021 4:26:07 PM	Gathering asymmetric keys
11/9/2021 4:26:07 PM	Gathering symmetric keys
11/9/2021 4:26:07 PM	Gathering encrypted symmetric keys
11/9/2021 4:26:07 PM	Gathering schemas
11/9/2021 4:26:07 PM	Gathering XML schema collections
11/9/2021 4:26:07 PM	Gathering user-defined data types
11/9/2021 4:26:07 PM	Gathering user-defined types
11/9/2021 4:26:07 PM	Gathering table types
11/9/2021 4:26:07 PM	Gathering unique keys for table types
11/9/2021 4:26:07 PM	Gathering primary keys for table types
11/9/2021 4:26:07 PM	Gathering indexes for table types
11/9/2021 4:26:07 PM	Gathering check constraints for table types
11/9/2021 4:26:07 PM	Gathering default constraints for table types
11/9/2021 4:26:07 PM	Gathering partition functions
11/9/2021 4:26:07 PM	Gathering partition schemes
11/9/2021 4:26:07 PM	Gathering functions
11/9/2021 4:26:07 PM	Gathering encrypted functions
11/9/2021 4:26:07 PM	Gathering aggregates
11/9/2021 4:26:07 PM	Gathering procedures
11/9/2021 4:26:08 PM	Gathering encrypted procedures
11/9/2021 4:26:08 PM	Gathering tables
11/9/2021 4:26:08 PM	Gathering primary keys
11/9/2021 4:26:08 PM	Gathering unique constraints
11/9/2021 4:26:08 PM	Gathering foreign keys
11/9/2021 4:26:08 PM	Gathering default constraints
11/9/2021 4:26:08 PM	Gathering check constraints
11/9/2021 4:26:08 PM	Gathering views
11/9/2021 4:26:08 PM	Gathering encrypted views
11/9/2021 4:26:08 PM	Gathering indexes
11/9/2021 4:26:08 PM	Gathering statistics
11/9/2021 4:26:08 PM	Gathering full-text index stoplists
11/9/2021 4:26:08 PM	Gathering search property lists
11/9/2021 4:26:08 PM	Gathering search properties
11/9/2021 4:26:08 PM	Gathering full-text indexes
11/9/2021 4:26:08 PM	Gathering column store indexes
11/9/2021 4:26:08 PM	Gathering spatial indexes
11/9/2021 4:26:08 PM	Gathering XML indexes
11/9/2021 4:26:08 PM	Gathering Selective XML indexes
11/9/2021 4:26:08 PM	Gathering encrypted triggers
11/9/2021 4:26:08 PM	Gathering triggers
11/9/2021 4:26:08 PM	Gathering encrypted and clr ddl triggers
11/9/2021 4:26:08 PM	Gathering ddl triggers
11/9/2021 4:26:08 PM	Creating edge constraints
11/9/2021 4:26:08 PM	Gathering synonyms
11/9/2021 4:26:08 PM	Gathering defaults
11/9/2021 4:26:08 PM	Gathering data constraint uddt bindings
11/9/2021 4:26:08 PM	Gathering rules
11/9/2021 4:26:08 PM	Gathering data constraint uddt bindings
11/9/2021 4:26:08 PM	Gathering message types
11/9/2021 4:26:08 PM	Gathering queues
11/9/2021 4:26:08 PM	Gathering contracts
11/9/2021 4:26:08 PM	Gathering services
11/9/2021 4:26:08 PM	Gathering event notifications
11/9/2021 4:26:08 PM	Gathering remote service bindings
11/9/2021 4:26:08 PM	Gathering broker priorities
11/9/2021 4:26:08 PM	Gathering signatures
11/9/2021 4:26:08 PM	Gathering data compression options
11/9/2021 4:26:08 PM	Gathering sequence types
11/9/2021 4:26:08 PM	Gathering security policies
11/9/2021 4:26:08 PM	Gather column encryption keys
11/9/2021 4:26:08 PM	Gathering column master keys
11/9/2021 4:26:08 PM	Gathering external data sources
11/9/2021 4:26:08 PM	Gathering external file formats
11/9/2021 4:26:08 PM	Gathering external tables
11/9/2021 4:26:08 PM	Gathering database permissions
11/9/2021 4:26:08 PM	Gathering extended properties
11/9/2021 4:26:08 PM	Gathering assemblies
11/9/2021 4:26:09 PM	Gathering credentials
11/9/2021 4:26:09 PM	Gathering logins
11/9/2021 4:26:09 PM	Gathering server audits
11/9/2021 4:26:12 PM	Scanning project for duplicate elements
11/9/2021 4:26:12 PM	Finished duplicate element processing
11/9/2021 4:26:19 PM	Finished importing database.
11/9/2021 4:26:19 PM	A summary of the import was saved to the following location: C:\src\git\AnnotationDatabase\AnnotationDatabase\Import Schema Logs\AnnotationDatabase_20211110122553.log
11/9/2021 4:26:19 PM	Click Finish to continue...
